C:\Users\azarashin\Documents\Visual Studio 2010\Projects\DX11Util\DXSample\Release\cl.command.1.tlog
C:\Users\azarashin\Documents\Visual Studio 2010\Projects\DX11Util\DXSample\Release\CL.read.1.tlog
C:\Users\azarashin\Documents\Visual Studio 2010\Projects\DX11Util\DXSample\Release\CL.write.1.tlog
C:\USERS\AZARASHIN\DOCUMENTS\VISUAL STUDIO 2010\PROJECTS\DX11UTIL\DXSAMPLE\RELEASE\DXSAMPLE.EXE.INTERMEDIATE.MANIFEST
C:\USERS\AZARASHIN\DOCUMENTS\VISUAL STUDIO 2010\PROJECTS\DX11UTIL\DXSAMPLE\RELEASE\DXSAMPLE.OBJ
C:\USERS\AZARASHIN\DOCUMENTS\VISUAL STUDIO 2010\PROJECTS\DX11UTIL\DXSAMPLE\RELEASE\DXSAMPLE.PCH
C:\USERS\AZARASHIN\DOCUMENTS\VISUAL STUDIO 2010\PROJECTS\DX11UTIL\DXSAMPLE\RELEASE\DXSAMPLE.RES
C:\Users\azarashin\Documents\Visual Studio 2010\Projects\DX11Util\DXSample\Release\DXSample.vcxprojResolveAssemblyReference.cache
C:\Users\azarashin\Documents\Visual Studio 2010\Projects\DX11Util\DXSample\Release\DXSample.write.1.tlog
C:\Users\azarashin\Documents\Visual Studio 2010\Projects\DX11Util\DXSample\Release\link.command.1.tlog
C:\Users\azarashin\Documents\Visual Studio 2010\Projects\DX11Util\DXSample\Release\link.read.1.tlog
C:\Users\azarashin\Documents\Visual Studio 2010\Projects\DX11Util\DXSample\Release\link.write.1.tlog
C:\Users\azarashin\Documents\Visual Studio 2010\Projects\DX11Util\DXSample\Release\link-cvtres.read.1.tlog
C:\Users\azarashin\Documents\Visual Studio 2010\Projects\DX11Util\DXSample\Release\link-cvtres.write.1.tlog
C:\Users\azarashin\Documents\Visual Studio 2010\Projects\DX11Util\DXSample\Release\mt.command.1.tlog
C:\Users\azarashin\Documents\Visual Studio 2010\Projects\DX11Util\DXSample\Release\mt.read.1.tlog
C:\Users\azarashin\Documents\Visual Studio 2010\Projects\DX11Util\DXSample\Release\mt.write.1.tlog
C:\Users\azarashin\Documents\Visual Studio 2010\Projects\DX11Util\DXSample\Release\rc.command.1.tlog
C:\Users\azarashin\Documents\Visual Studio 2010\Projects\DX11Util\DXSample\Release\rc.read.1.tlog
C:\Users\azarashin\Documents\Visual Studio 2010\Projects\DX11Util\DXSample\Release\rc.write.1.tlog
C:\USERS\AZARASHIN\DOCUMENTS\VISUAL STUDIO 2010\PROJECTS\DX11UTIL\DXSAMPLE\RELEASE\SAMPLESCENE01.OBJ
C:\USERS\AZARASHIN\DOCUMENTS\VISUAL STUDIO 2010\PROJECTS\DX11UTIL\DXSAMPLE\RELEASE\SAMPLESCENE02.OBJ
C:\USERS\AZARASHIN\DOCUMENTS\VISUAL STUDIO 2010\PROJECTS\DX11UTIL\DXSAMPLE\RELEASE\SAMPLESCENE03.OBJ
C:\USERS\AZARASHIN\DOCUMENTS\VISUAL STUDIO 2010\PROJECTS\DX11UTIL\DXSAMPLE\RELEASE\SAMPLESCENE04.OBJ
C:\USERS\AZARASHIN\DOCUMENTS\VISUAL STUDIO 2010\PROJECTS\DX11UTIL\DXSAMPLE\RELEASE\STDAFX.OBJ
C:\USERS\AZARASHIN\DOCUMENTS\VISUAL STUDIO 2010\PROJECTS\DX11UTIL\DXSAMPLE\RELEASE\VC100.PDB
C:\USERS\AZARASHIN\DOCUMENTS\VISUAL STUDIO 2010\PROJECTS\DX11UTIL\RELEASE\DXSAMPLE.EXE
C:\USERS\AZARASHIN\DOCUMENTS\VISUAL STUDIO 2010\PROJECTS\DX11UTIL\RELEASE\DXSAMPLE.PDB
