2013/08/13 15:58:59 にビルドを開始しました。
     1>ノード 2 上のプロジェクト "D:\MyDevelopment\Dx11Util\DX11Util\DX11Util.vcxproj" (Build ターゲット)。
     1>Lib:
         C:\Program Files (x86)\Microsoft Visual Studio 11.0\VC\bin\Lib.exe /OUT:"D:\MyDevelopment\Dx11Util\Release\DX11Util.lib" /NOLOGO /LTCG Release\asModelImpl.obj
         Release\asModelLoaderX.obj
         Release\asTokenizer.obj
         Release\Dx11Camera.obj
         Release\Dx11CameraRift.obj
         Release\Dx11CameraSideBySide.obj
         Release\Dx11CameraSideBySideStandard.obj
         Release\Dx11CameraStandard.obj
         Release\Dx11Context.obj
         Release\Dx11Scene.obj
         Release\Dx11Effect.obj
         Release\Dx11EffectGUI.obj
         Release\Dx11EffectGUICanvas.obj
         Release\Dx11EffectGUIStandard.obj
         Release\Dx11EffectGUITrans.obj
         Release\Dx11EffectSideBySide.obj
         Release\Dx11EffectStandard.obj
         Release\Dx11XEffect.obj
         Release\Dx11Lens.obj
         Release\Dx11LensRift.obj
         Release\Dx11LensSideBySide.obj
         Release\Dx11LensSideBySideStandard.obj
         Release\Dx11LensStandard.obj
         Release\Dx11Motion.obj
         Release\Dx11MotionStandard.obj
         Release\Dx11XMotion.obj
         Release\Dx11XMotionManager.obj
         Release\Dx11Object.obj
         Release\Dx11ObjectGUI.obj
         Release\Dx11ObjectGUICanvas.obj
         Release\Dx11ObjectGUIStandard.obj
         Release\Dx11ObjectGUIText.obj
         Release\Dx11ObjectParticle.obj
         Release\Dx11ObjectTargetTexture.obj
         Release\Dx11ObjectViewAround.obj
         Release\Dx11XObject.obj
         Release\DDSTextureLoader.obj
         DX11Util.vcxproj -> D:\MyDevelopment\Dx11Util\Release\DX11Util.lib
       PostBuildEvent:
         if exist "D:\MyDevelopment\Dx11Util\DX11Util\\Package\lib\Release\DX11Util.lib" (del /S /Q "D:\MyDevelopment\Dx11Util\DX11Util\\Package\lib\Release\DX11Util.lib")
         if exist "D:\MyDevelopment\Dx11Util\DX11Util\\Package\include\DX11Util\*.h" (del /S /Q "D:\MyDevelopment\Dx11Util\DX11Util\\Package\include\DX11Util\*.h")
         if exist "D:\MyDevelopment\Dx11Util\DX11Util\\common" (xcopy /Y /S "D:\MyDevelopment\Dx11Util\DX11Util\\common\DX11Util\*.h" "D:\MyDevelopment\Dx11Util\DX11Util\\Package\include\DX11Util\")
         copy "D:\MyDevelopment\Dx11Util\Release\DX11Util.lib" "D:\MyDevelopment\Dx11Util\DX11Util\\Package\lib\Release\" 
         if "$TargetExt" == ".exe" (if "Release" == "Release" (copy "D:\MyDevelopment\Dx11Util\Release\DX11Util.lib" "D:\MyDevelopment\Dx11Util\\working_space"))
         
         :VCEnd
         削除したファイル - D:\MyDevelopment\Dx11Util\DX11Util\Package\lib\Release\DX11Util.lib
         D:\MyDevelopment\Dx11Util\DX11Util\\common\DX11Util\Camera\Dx11Camera.h
         D:\MyDevelopment\Dx11Util\DX11Util\\common\DX11Util\Camera\Dx11CameraRift.h
         D:\MyDevelopment\Dx11Util\DX11Util\\common\DX11Util\Camera\Dx11CameraSideBySide.h
         D:\MyDevelopment\Dx11Util\DX11Util\\common\DX11Util\Camera\Dx11CameraSideBySideStandard.h
         D:\MyDevelopment\Dx11Util\DX11Util\\common\DX11Util\Camera\Dx11CameraStandard.h
         D:\MyDevelopment\Dx11Util\DX11Util\\common\DX11Util\Core\Dx11Context.h
         D:\MyDevelopment\Dx11Util\DX11Util\\common\DX11Util\Core\Dx11Scene.h
         D:\MyDevelopment\Dx11Util\DX11Util\\common\DX11Util\Effect\Dx11Effect.h
         D:\MyDevelopment\Dx11Util\DX11Util\\common\DX11Util\Effect\Dx11EffectGUI.h
         D:\MyDevelopment\Dx11Util\DX11Util\\common\DX11Util\Effect\Dx11EffectGUICanvas.h
         D:\MyDevelopment\Dx11Util\DX11Util\\common\DX11Util\Effect\Dx11EffectGUIStandard.h
         D:\MyDevelopment\Dx11Util\DX11Util\\common\DX11Util\Effect\Dx11EffectGUITrans.h
         D:\MyDevelopment\Dx11Util\DX11Util\\common\DX11Util\Effect\Dx11EffectSideBySide.h
         D:\MyDevelopment\Dx11Util\DX11Util\\common\DX11Util\Effect\Dx11EffectStandard.h
         D:\MyDevelopment\Dx11Util\DX11Util\\common\DX11Util\Effect\Dx11EffectViewAround.h
         D:\MyDevelopment\Dx11Util\DX11Util\\common\DX11Util\Effect\Dx11XEffect.h
         D:\MyDevelopment\Dx11Util\DX11Util\\common\DX11Util\Lens\Dx11Lens.h
         D:\MyDevelopment\Dx11Util\DX11Util\\common\DX11Util\Lens\Dx11LensRift.h
         D:\MyDevelopment\Dx11Util\DX11Util\\common\DX11Util\Lens\Dx11LensSideBySide.h
         D:\MyDevelopment\Dx11Util\DX11Util\\common\DX11Util\Lens\Dx11LensSideBySideStandard.h
         D:\MyDevelopment\Dx11Util\DX11Util\\common\DX11Util\Lens\Dx11LensStandard.h
         D:\MyDevelopment\Dx11Util\DX11Util\\common\DX11Util\Motion\Dx11Motion.h
         D:\MyDevelopment\Dx11Util\DX11Util\\common\DX11Util\Motion\Dx11MotionStandard.h
         D:\MyDevelopment\Dx11Util\DX11Util\\common\DX11Util\Motion\Dx11XMotion.h
         D:\MyDevelopment\Dx11Util\DX11Util\\common\DX11Util\Motion\Dx11XMotionManager.h
         D:\MyDevelopment\Dx11Util\DX11Util\\common\DX11Util\Object\Dx11Object.h
         D:\MyDevelopment\Dx11Util\DX11Util\\common\DX11Util\Object\Dx11ObjectDae.h
         D:\MyDevelopment\Dx11Util\DX11Util\\common\DX11Util\Object\Dx11ObjectDaeStdModel.h
         D:\MyDevelopment\Dx11Util\DX11Util\\common\DX11Util\Object\Dx11ObjectGUI.h
         D:\MyDevelopment\Dx11Util\DX11Util\\common\DX11Util\Object\Dx11ObjectGUICanvas.h
         D:\MyDevelopment\Dx11Util\DX11Util\\common\DX11Util\Object\Dx11ObjectGUIStandard.h
         D:\MyDevelopment\Dx11Util\DX11Util\\common\DX11Util\Object\Dx11ObjectGUIText.h
         D:\MyDevelopment\Dx11Util\DX11Util\\common\DX11Util\Object\Dx11ObjectParticle.h
         D:\MyDevelopment\Dx11Util\DX11Util\\common\DX11Util\Object\Dx11ObjectTargetTexture.h
         D:\MyDevelopment\Dx11Util\DX11Util\\common\DX11Util\Object\Dx11ObjectViewAround.h
         D:\MyDevelopment\Dx11Util\DX11Util\\common\DX11Util\Object\Dx11ObjectWaveFront.h
         D:\MyDevelopment\Dx11Util\DX11Util\\common\DX11Util\Object\Dx11XObject.h
         D:\MyDevelopment\Dx11Util\DX11Util\\common\DX11Util\__under_construction\Dx11DirectionalLight.h
         D:\MyDevelopment\Dx11Util\DX11Util\\common\DX11Util\__under_construction\Dx11Index.h
         D:\MyDevelopment\Dx11Util\DX11Util\\common\DX11Util\__under_construction\Dx11Vertex.h
         40 個のファイルをコピーしました
                 1 個のファイルをコピーしました。
     1>プロジェクト "D:\MyDevelopment\Dx11Util\DX11Util\DX11Util.vcxproj" (Build ターゲット) のビルドが完了しました。

ビルドに成功しました。

経過時間 00:00:01.50
