C:\Users\azarashin\Documents\Visual Studio 2010\Projects\DX11Util\DX11Util\Release\cl.command.1.tlog
C:\Users\azarashin\Documents\Visual Studio 2010\Projects\DX11Util\DX11Util\Release\CL.read.1.tlog
C:\Users\azarashin\Documents\Visual Studio 2010\Projects\DX11Util\DX11Util\Release\CL.write.1.tlog
C:\USERS\AZARASHIN\DOCUMENTS\VISUAL STUDIO 2010\PROJECTS\DX11UTIL\DX11UTIL\RELEASE\DX11CAMERA.OBJ
C:\USERS\AZARASHIN\DOCUMENTS\VISUAL STUDIO 2010\PROJECTS\DX11UTIL\DX11UTIL\RELEASE\DX11CAMERASIDEBYSIDE.OBJ
C:\USERS\AZARASHIN\DOCUMENTS\VISUAL STUDIO 2010\PROJECTS\DX11UTIL\DX11UTIL\RELEASE\DX11CAMERASTANDARD.OBJ
C:\USERS\AZARASHIN\DOCUMENTS\VISUAL STUDIO 2010\PROJECTS\DX11UTIL\DX11UTIL\RELEASE\DX11CONTEXT.OBJ
C:\USERS\AZARASHIN\DOCUMENTS\VISUAL STUDIO 2010\PROJECTS\DX11UTIL\DX11UTIL\RELEASE\DX11DIRECTIONALLIGHT.OBJ
C:\USERS\AZARASHIN\DOCUMENTS\VISUAL STUDIO 2010\PROJECTS\DX11UTIL\DX11UTIL\RELEASE\DX11EFFECT.OBJ
C:\USERS\AZARASHIN\DOCUMENTS\VISUAL STUDIO 2010\PROJECTS\DX11UTIL\DX11UTIL\RELEASE\DX11EFFECTGUI.OBJ
C:\USERS\AZARASHIN\DOCUMENTS\VISUAL STUDIO 2010\PROJECTS\DX11UTIL\DX11UTIL\RELEASE\DX11EFFECTGUICANVAS.OBJ
C:\USERS\AZARASHIN\DOCUMENTS\VISUAL STUDIO 2010\PROJECTS\DX11UTIL\DX11UTIL\RELEASE\DX11EFFECTGUISTANDARD.OBJ
C:\USERS\AZARASHIN\DOCUMENTS\VISUAL STUDIO 2010\PROJECTS\DX11UTIL\DX11UTIL\RELEASE\DX11EFFECTGUITRANS.OBJ
C:\USERS\AZARASHIN\DOCUMENTS\VISUAL STUDIO 2010\PROJECTS\DX11UTIL\DX11UTIL\RELEASE\DX11EFFECTSIDEBYSIDE.OBJ
C:\USERS\AZARASHIN\DOCUMENTS\VISUAL STUDIO 2010\PROJECTS\DX11UTIL\DX11UTIL\RELEASE\DX11EFFECTSTANDARD.OBJ
C:\USERS\AZARASHIN\DOCUMENTS\VISUAL STUDIO 2010\PROJECTS\DX11UTIL\DX11UTIL\RELEASE\DX11LENS.OBJ
C:\USERS\AZARASHIN\DOCUMENTS\VISUAL STUDIO 2010\PROJECTS\DX11UTIL\DX11UTIL\RELEASE\DX11LENSSTANDARD.OBJ
C:\USERS\AZARASHIN\DOCUMENTS\VISUAL STUDIO 2010\PROJECTS\DX11UTIL\DX11UTIL\RELEASE\DX11MOTION.OBJ
C:\USERS\AZARASHIN\DOCUMENTS\VISUAL STUDIO 2010\PROJECTS\DX11UTIL\DX11UTIL\RELEASE\DX11MOTIONSTANDARD.OBJ
C:\USERS\AZARASHIN\DOCUMENTS\VISUAL STUDIO 2010\PROJECTS\DX11UTIL\DX11UTIL\RELEASE\DX11OBJECT.OBJ
C:\USERS\AZARASHIN\DOCUMENTS\VISUAL STUDIO 2010\PROJECTS\DX11UTIL\DX11UTIL\RELEASE\DX11OBJECTGUI.OBJ
C:\USERS\AZARASHIN\DOCUMENTS\VISUAL STUDIO 2010\PROJECTS\DX11UTIL\DX11UTIL\RELEASE\DX11OBJECTGUICANVAS.OBJ
C:\USERS\AZARASHIN\DOCUMENTS\VISUAL STUDIO 2010\PROJECTS\DX11UTIL\DX11UTIL\RELEASE\DX11OBJECTGUISTANDARD.OBJ
C:\USERS\AZARASHIN\DOCUMENTS\VISUAL STUDIO 2010\PROJECTS\DX11UTIL\DX11UTIL\RELEASE\DX11OBJECTGUITEXT.OBJ
C:\USERS\AZARASHIN\DOCUMENTS\VISUAL STUDIO 2010\PROJECTS\DX11UTIL\DX11UTIL\RELEASE\DX11OBJECTPARTICLE.OBJ
C:\USERS\AZARASHIN\DOCUMENTS\VISUAL STUDIO 2010\PROJECTS\DX11UTIL\DX11UTIL\RELEASE\DX11OBJECTTARGETTEXTURE.OBJ
C:\USERS\AZARASHIN\DOCUMENTS\VISUAL STUDIO 2010\PROJECTS\DX11UTIL\DX11UTIL\RELEASE\DX11SCENE.OBJ
C:\Users\azarashin\Documents\Visual Studio 2010\Projects\DX11Util\DX11Util\Release\DX11Util.vcxprojResolveAssemblyReference.cache
C:\Users\azarashin\Documents\Visual Studio 2010\Projects\DX11Util\DX11Util\Release\DX11Util.write.1.tlog
C:\Users\azarashin\Documents\Visual Studio 2010\Projects\DX11Util\DX11Util\Release\lib.command.1.tlog
C:\Users\azarashin\Documents\Visual Studio 2010\Projects\DX11Util\DX11Util\Release\Lib-link.read.1.tlog
C:\Users\azarashin\Documents\Visual Studio 2010\Projects\DX11Util\DX11Util\Release\Lib-link.write.1.tlog
C:\USERS\AZARASHIN\DOCUMENTS\VISUAL STUDIO 2010\PROJECTS\DX11UTIL\DX11UTIL\RELEASE\VC100.PDB
C:\USERS\AZARASHIN\DOCUMENTS\VISUAL STUDIO 2010\PROJECTS\DX11UTIL\RELEASE\DX11UTIL.LIB
