C:\USERS\AZARASHIN\DX11UTIL\DEBUG\DXSAMPLE.EXE
C:\USERS\AZARASHIN\DX11UTIL\DEBUG\DXSAMPLE.ILK
C:\USERS\AZARASHIN\DX11UTIL\DEBUG\DXSAMPLE.PDB
C:\Users\azarashin\Dx11Util\DXSample\Debug\cl.command.1.tlog
C:\Users\azarashin\Dx11Util\DXSample\Debug\CL.read.1.tlog
C:\Users\azarashin\Dx11Util\DXSample\Debug\CL.write.1.tlog
C:\USERS\AZARASHIN\DX11UTIL\DXSAMPLE\DEBUG\DXSAMPLE.EXE.EMBED.MANIFEST
C:\USERS\AZARASHIN\DX11UTIL\DXSAMPLE\DEBUG\DXSAMPLE.EXE.EMBED.MANIFEST.RES
C:\USERS\AZARASHIN\DX11UTIL\DXSAMPLE\DEBUG\DXSAMPLE.EXE.INTERMEDIATE.MANIFEST
C:\USERS\AZARASHIN\DX11UTIL\DXSAMPLE\DEBUG\DXSAMPLE.OBJ
C:\USERS\AZARASHIN\DX11UTIL\DXSAMPLE\DEBUG\DXSAMPLE.PCH
C:\USERS\AZARASHIN\DX11UTIL\DXSAMPLE\DEBUG\DXSAMPLE.RES
C:\Users\azarashin\Dx11Util\DXSample\Debug\DXSample.vcxprojResolveAssemblyReference.cache
C:\Users\azarashin\Dx11Util\DXSample\Debug\DXSample.write.1.tlog
C:\Users\azarashin\Dx11Util\DXSample\Debug\DXSample_manifest.rc
C:\Users\azarashin\Dx11Util\DXSample\Debug\link.2264.read.1.tlog
C:\Users\azarashin\Dx11Util\DXSample\Debug\link.2264.write.1.tlog
C:\Users\azarashin\Dx11Util\DXSample\Debug\link.2264-cvtres.read.1.tlog
C:\Users\azarashin\Dx11Util\DXSample\Debug\link.2264-cvtres.write.1.tlog
C:\Users\azarashin\Dx11Util\DXSample\Debug\link.2612.read.1.tlog
C:\Users\azarashin\Dx11Util\DXSample\Debug\link.2612.write.1.tlog
C:\Users\azarashin\Dx11Util\DXSample\Debug\link.2612-cvtres.read.1.tlog
C:\Users\azarashin\Dx11Util\DXSample\Debug\link.2612-cvtres.write.1.tlog
C:\Users\azarashin\Dx11Util\DXSample\Debug\link.2996.read.1.tlog
C:\Users\azarashin\Dx11Util\DXSample\Debug\link.2996.write.1.tlog
C:\Users\azarashin\Dx11Util\DXSample\Debug\link.2996-cvtres.read.1.tlog
C:\Users\azarashin\Dx11Util\DXSample\Debug\link.2996-cvtres.write.1.tlog
C:\Users\azarashin\Dx11Util\DXSample\Debug\link.3184.read.1.tlog
C:\Users\azarashin\Dx11Util\DXSample\Debug\link.3184.write.1.tlog
C:\Users\azarashin\Dx11Util\DXSample\Debug\link.3184-cvtres.read.1.tlog
C:\Users\azarashin\Dx11Util\DXSample\Debug\link.3184-cvtres.write.1.tlog
C:\Users\azarashin\Dx11Util\DXSample\Debug\link.3964.read.1.tlog
C:\Users\azarashin\Dx11Util\DXSample\Debug\link.3964.write.1.tlog
C:\Users\azarashin\Dx11Util\DXSample\Debug\link.3964-cvtres.read.1.tlog
C:\Users\azarashin\Dx11Util\DXSample\Debug\link.3964-cvtres.write.1.tlog
C:\Users\azarashin\Dx11Util\DXSample\Debug\link.4160.read.1.tlog
C:\Users\azarashin\Dx11Util\DXSample\Debug\link.4160.write.1.tlog
C:\Users\azarashin\Dx11Util\DXSample\Debug\link.4160-cvtres.read.1.tlog
C:\Users\azarashin\Dx11Util\DXSample\Debug\link.4160-cvtres.write.1.tlog
C:\Users\azarashin\Dx11Util\DXSample\Debug\link.4800.read.1.tlog
C:\Users\azarashin\Dx11Util\DXSample\Debug\link.4800.write.1.tlog
C:\Users\azarashin\Dx11Util\DXSample\Debug\link.4800-cvtres.read.1.tlog
C:\Users\azarashin\Dx11Util\DXSample\Debug\link.4800-cvtres.write.1.tlog
C:\Users\azarashin\Dx11Util\DXSample\Debug\link.7664.read.1.tlog
C:\Users\azarashin\Dx11Util\DXSample\Debug\link.7664.write.1.tlog
C:\Users\azarashin\Dx11Util\DXSample\Debug\link.7664-cvtres.read.1.tlog
C:\Users\azarashin\Dx11Util\DXSample\Debug\link.7664-cvtres.write.1.tlog
C:\Users\azarashin\Dx11Util\DXSample\Debug\link.7728.read.1.tlog
C:\Users\azarashin\Dx11Util\DXSample\Debug\link.7728.write.1.tlog
C:\Users\azarashin\Dx11Util\DXSample\Debug\link.7728-cvtres.read.1.tlog
C:\Users\azarashin\Dx11Util\DXSample\Debug\link.7728-cvtres.write.1.tlog
C:\Users\azarashin\Dx11Util\DXSample\Debug\link.8436.read.1.tlog
C:\Users\azarashin\Dx11Util\DXSample\Debug\link.8436.write.1.tlog
C:\Users\azarashin\Dx11Util\DXSample\Debug\link.8436-cvtres.read.1.tlog
C:\Users\azarashin\Dx11Util\DXSample\Debug\link.8436-cvtres.write.1.tlog
C:\Users\azarashin\Dx11Util\DXSample\Debug\link.8788.read.1.tlog
C:\Users\azarashin\Dx11Util\DXSample\Debug\link.8788.write.1.tlog
C:\Users\azarashin\Dx11Util\DXSample\Debug\link.8788-cvtres.read.1.tlog
C:\Users\azarashin\Dx11Util\DXSample\Debug\link.8788-cvtres.write.1.tlog
C:\Users\azarashin\Dx11Util\DXSample\Debug\link.8940.read.1.tlog
C:\Users\azarashin\Dx11Util\DXSample\Debug\link.8940.write.1.tlog
C:\Users\azarashin\Dx11Util\DXSample\Debug\link.8940-cvtres.read.1.tlog
C:\Users\azarashin\Dx11Util\DXSample\Debug\link.8940-cvtres.write.1.tlog
C:\Users\azarashin\Dx11Util\DXSample\Debug\link.8972.read.1.tlog
C:\Users\azarashin\Dx11Util\DXSample\Debug\link.8972.write.1.tlog
C:\Users\azarashin\Dx11Util\DXSample\Debug\link.8972-cvtres.read.1.tlog
C:\Users\azarashin\Dx11Util\DXSample\Debug\link.8972-cvtres.write.1.tlog
C:\Users\azarashin\Dx11Util\DXSample\Debug\link.9188.read.1.tlog
C:\Users\azarashin\Dx11Util\DXSample\Debug\link.9188.write.1.tlog
C:\Users\azarashin\Dx11Util\DXSample\Debug\link.9188-cvtres.read.1.tlog
C:\Users\azarashin\Dx11Util\DXSample\Debug\link.9188-cvtres.write.1.tlog
C:\Users\azarashin\Dx11Util\DXSample\Debug\link.command.1.tlog
C:\Users\azarashin\Dx11Util\DXSample\Debug\link.read.1.tlog
C:\Users\azarashin\Dx11Util\DXSample\Debug\link.read.2.tlog
C:\Users\azarashin\Dx11Util\DXSample\Debug\link.write.1.tlog
C:\Users\azarashin\Dx11Util\DXSample\Debug\link-cvtres.read.1.tlog
C:\Users\azarashin\Dx11Util\DXSample\Debug\link-cvtres.write.1.tlog
C:\Users\azarashin\Dx11Util\DXSample\Debug\mt.command.1.tlog
C:\Users\azarashin\Dx11Util\DXSample\Debug\mt.read.1.tlog
C:\Users\azarashin\Dx11Util\DXSample\Debug\mt.write.1.tlog
C:\Users\azarashin\Dx11Util\DXSample\Debug\rc.command.1.tlog
C:\Users\azarashin\Dx11Util\DXSample\Debug\rc.read.1.tlog
C:\Users\azarashin\Dx11Util\DXSample\Debug\rc.write.1.tlog
C:\USERS\AZARASHIN\DX11UTIL\DXSAMPLE\DEBUG\SAMPLESCENE01.OBJ
C:\USERS\AZARASHIN\DX11UTIL\DXSAMPLE\DEBUG\SAMPLESCENE02.OBJ
C:\USERS\AZARASHIN\DX11UTIL\DXSAMPLE\DEBUG\SAMPLESCENE03.OBJ
C:\USERS\AZARASHIN\DX11UTIL\DXSAMPLE\DEBUG\SAMPLESCENE04.OBJ
C:\USERS\AZARASHIN\DX11UTIL\DXSAMPLE\DEBUG\SAMPLESCENE06.OBJ
C:\USERS\AZARASHIN\DX11UTIL\DXSAMPLE\DEBUG\SAMPLESCENE07.OBJ
C:\USERS\AZARASHIN\DX11UTIL\DXSAMPLE\DEBUG\STDAFX.OBJ
C:\Users\azarashin\Dx11Util\DXSample\Debug\vc100.idb
C:\USERS\AZARASHIN\DX11UTIL\DXSAMPLE\DEBUG\VC100.PDB
