2013/08/13 11:34:43 にビルドを開始しました。
     1>ノード 2 上のプロジェクト "C:\Users\azarashin\Dx11Util\DXSample\DXSample.vcxproj" (build ターゲット)。
     1>InitializeBuildStatus:
         "AlwaysCreate" が指定されたため "Debug\DXSample.unsuccessfulbuild" を作成しています。
       ClCompile:
         すべての出力が最新のものです。
         C:\Program Files (x86)\Microsoft Visual Studio 10.0\VC\bin\CL.exe /c /IC:\OpenCV2.3.1\build\include /I"C:\Program Files (x86)\Microsoft DirectX SDK (June 2010)\Include" /IC:\Users\azarashin\Dx11Util\\DX11Util\Package\include /ZI /nologo /W3 /WX- /MP /Od /Oy- /D WIN32 /D _DEBUG /D _WINDOWS /D _UNICODE /D UNICODE /Gm- /EHsc /RTC1 /MDd /GS /arch:SSE2 /fp:precise /Zc:wchar_t /Zc:forScope /Fo"Debug\\" /Fd"Debug\vc100.pdb" /Gd /TP /analyze- /errorReport:prompt DXSample.cpp SampleScene03.cpp SampleScene07.cpp
         DXSample.cpp
         SampleScene03.cpp
         SampleScene07.cpp
     1>c:\users\azarashin\dx11util\dxsample\samplescene07.cpp(49): warning C4244: '引数' : 'double' から 'FLOAT' への変換です。データが失われる可能性があります。
     1>c:\users\azarashin\dx11util\dxsample\samplescene07.cpp(49): warning C4244: '引数' : 'double' から 'FLOAT' への変換です。データが失われる可能性があります。
     1>c:\opencv2.3.1\build\include\opencv2\flann\logger.h(66): warning C4996: 'fopen': This function or variable may be unsafe. Consider using fopen_s instead. To disable deprecation, use _CRT_SECURE_NO_WARNINGS. See online help for details.
                 c:\program files (x86)\microsoft visual studio 10.0\vc\include\stdio.h(234) : 'fopen' の宣言を確認してください。
     1>c:\opencv2.3.1\build\include\opencv2\legacy\compat.hpp : warning C4819: ファイルは、現在のコード ページ (932) で表示できない文字を含んでいます。データの損失を防ぐために、ファイルを Unicode 形式で保存してください。
     1>c:\users\azarashin\dx11util\dxsample\dxsample.cpp(226): warning C4101: 'hr' : ローカル変数は 1 度も使われていません。
       ResourceCompile:
         すべての出力が最新のものです。
       ManifestResourceCompile:
         すべての出力が最新のものです。
       Link:
         C:\Program Files (x86)\Microsoft Visual Studio 10.0\VC\bin\link.exe /ERRORREPORT:PROMPT /OUT:"C:\Users\azarashin\Dx11Util\Debug\DXSample.exe" /INCREMENTAL /NOLOGO /LIBPATH:C:\OpenCV2.3.1\build\x86\vc10\lib /LIBPATH:C:\Users\azarashin\Dx11Util\\DX11Util\Package\lib\Debug /LIBPATH:"C:\Program Files (x86)\Microsoft DirectX SDK (June 2010)\Lib\x86" opencv_core231.lib opencv_gpu231.lib opencv_highgui231.lib opencv_imgproc231.lib opencv_video231.lib opencv_ml231.lib DX11Util.lib d3dx10.lib kernel32.lib user32.lib gdi32.lib winspool.lib comdlg32.lib advapi32.lib shell32.lib ole32.lib oleaut32.lib uuid.lib odbc32.lib odbccp32.lib /MANIFEST /ManifestFile:"Debug\DXSample.exe.intermediate.manifest" /MANIFESTUAC:"level='asInvoker' uiAccess='false'" /DEBUG /PDB:"C:\Users\azarashin\Dx11Util\Debug\DXSample.pdb" /SUBSYSTEM:WINDOWS /TLBID:1 /DYNAMICBASE /NXCOMPAT /IMPLIB:"C:\Users\azarashin\Dx11Util\Debug\DXSample.lib" /MACHINE:X86 Debug\DXSample.res
         Debug\DXSample.exe.embed.manifest.res
         Debug\DXSample.obj
         Debug\SampleScene01.obj
         Debug\SampleScene02.obj
         Debug\SampleScene03.obj
         Debug\SampleScene04.obj
         Debug\SampleScene06.obj
         Debug\SampleScene07.obj
         Debug\stdafx.obj
       Manifest:
         C:\Program Files (x86)\Microsoft SDKs\Windows\v7.0A\bin\mt.exe /nologo /verbose /out:"Debug\DXSample.exe.embed.manifest" /manifest Debug\DXSample.exe.intermediate.manifest
         すべての出力が最新のものです。
       LinkEmbedManifest:
         すべての出力が最新のものです。
         DXSample.vcxproj -> C:\Users\azarashin\Dx11Util\Debug\DXSample.exe
       PostBuildEvent:
         copy "C:\Users\azarashin\Dx11Util\\shader\*.*" "C:\Users\azarashin\Dx11Util\DXSample\\workspace\shader\"
         :VCEnd
         C:\Users\azarashin\Dx11Util\\shader\canvas.sh
         C:\Users\azarashin\Dx11Util\\shader\commet.sh
         C:\Users\azarashin\Dx11Util\\shader\escape_game.sh
         C:\Users\azarashin\Dx11Util\\shader\gui.sh
         C:\Users\azarashin\Dx11Util\\shader\gui_trans.sh
         C:\Users\azarashin\Dx11Util\\shader\sidebyside.sh
         C:\Users\azarashin\Dx11Util\\shader\standard.sh
         C:\Users\azarashin\Dx11Util\\shader\xfile_notexture.sh
                 8 個のファイルをコピーしました。
       FinalizeBuildStatus:
         ファイル "Debug\DXSample.unsuccessfulbuild" を削除しています。
         "Debug\DXSample.lastbuildstate" のタッチ タスクを実行しています。
     1>プロジェクト "C:\Users\azarashin\Dx11Util\DXSample\DXSample.vcxproj" (build ターゲット) のビルドが完了しました。

ビルドに成功しました。

経過時間 00:00:36.01
