C:\USERS\AZARASHIN\DOCUMENTS\VISUAL STUDIO 2010\PROJECTS\DX11UTIL\DEBUG\DX11UTIL.LIB
C:\Users\azarashin\Documents\Visual Studio 2010\Projects\DX11Util\DX11Util\Debug\cl.command.1.tlog
C:\Users\azarashin\Documents\Visual Studio 2010\Projects\DX11Util\DX11Util\Debug\CL.read.1.tlog
C:\Users\azarashin\Documents\Visual Studio 2010\Projects\DX11Util\DX11Util\Debug\CL.write.1.tlog
C:\USERS\AZARASHIN\DOCUMENTS\VISUAL STUDIO 2010\PROJECTS\DX11UTIL\DX11UTIL\DEBUG\DX11CAMERA.OBJ
C:\USERS\AZARASHIN\DOCUMENTS\VISUAL STUDIO 2010\PROJECTS\DX11UTIL\DX11UTIL\DEBUG\DX11CAMERARIFT.OBJ
C:\USERS\AZARASHIN\DOCUMENTS\VISUAL STUDIO 2010\PROJECTS\DX11UTIL\DX11UTIL\DEBUG\DX11CAMERASIDEBYSIDE.OBJ
C:\USERS\AZARASHIN\DOCUMENTS\VISUAL STUDIO 2010\PROJECTS\DX11UTIL\DX11UTIL\DEBUG\DX11CAMERASIDEBYSIDESTANDARD.OBJ
C:\USERS\AZARASHIN\DOCUMENTS\VISUAL STUDIO 2010\PROJECTS\DX11UTIL\DX11UTIL\DEBUG\DX11CAMERASTANDARD.OBJ
C:\USERS\AZARASHIN\DOCUMENTS\VISUAL STUDIO 2010\PROJECTS\DX11UTIL\DX11UTIL\DEBUG\DX11CONTEXT.OBJ
C:\USERS\AZARASHIN\DOCUMENTS\VISUAL STUDIO 2010\PROJECTS\DX11UTIL\DX11UTIL\DEBUG\DX11DIRECTIONALLIGHT.OBJ
C:\USERS\AZARASHIN\DOCUMENTS\VISUAL STUDIO 2010\PROJECTS\DX11UTIL\DX11UTIL\DEBUG\DX11EFFECT.OBJ
C:\USERS\AZARASHIN\DOCUMENTS\VISUAL STUDIO 2010\PROJECTS\DX11UTIL\DX11UTIL\DEBUG\DX11EFFECTGUI.OBJ
C:\USERS\AZARASHIN\DOCUMENTS\VISUAL STUDIO 2010\PROJECTS\DX11UTIL\DX11UTIL\DEBUG\DX11EFFECTGUICANVAS.OBJ
C:\USERS\AZARASHIN\DOCUMENTS\VISUAL STUDIO 2010\PROJECTS\DX11UTIL\DX11UTIL\DEBUG\DX11EFFECTGUISTANDARD.OBJ
C:\USERS\AZARASHIN\DOCUMENTS\VISUAL STUDIO 2010\PROJECTS\DX11UTIL\DX11UTIL\DEBUG\DX11EFFECTGUITRANS.OBJ
C:\USERS\AZARASHIN\DOCUMENTS\VISUAL STUDIO 2010\PROJECTS\DX11UTIL\DX11UTIL\DEBUG\DX11EFFECTSIDEBYSIDE.OBJ
C:\USERS\AZARASHIN\DOCUMENTS\VISUAL STUDIO 2010\PROJECTS\DX11UTIL\DX11UTIL\DEBUG\DX11EFFECTSTANDARD.OBJ
C:\USERS\AZARASHIN\DOCUMENTS\VISUAL STUDIO 2010\PROJECTS\DX11UTIL\DX11UTIL\DEBUG\DX11LENS.OBJ
C:\USERS\AZARASHIN\DOCUMENTS\VISUAL STUDIO 2010\PROJECTS\DX11UTIL\DX11UTIL\DEBUG\DX11LENSRIFT.OBJ
C:\USERS\AZARASHIN\DOCUMENTS\VISUAL STUDIO 2010\PROJECTS\DX11UTIL\DX11UTIL\DEBUG\DX11LENSSIDEBYSIDE.OBJ
C:\USERS\AZARASHIN\DOCUMENTS\VISUAL STUDIO 2010\PROJECTS\DX11UTIL\DX11UTIL\DEBUG\DX11LENSSIDEBYSIDESTANDARD.OBJ
C:\USERS\AZARASHIN\DOCUMENTS\VISUAL STUDIO 2010\PROJECTS\DX11UTIL\DX11UTIL\DEBUG\DX11LENSSTANDARD.OBJ
C:\USERS\AZARASHIN\DOCUMENTS\VISUAL STUDIO 2010\PROJECTS\DX11UTIL\DX11UTIL\DEBUG\DX11MOTION.OBJ
C:\USERS\AZARASHIN\DOCUMENTS\VISUAL STUDIO 2010\PROJECTS\DX11UTIL\DX11UTIL\DEBUG\DX11MOTIONSTANDARD.OBJ
C:\USERS\AZARASHIN\DOCUMENTS\VISUAL STUDIO 2010\PROJECTS\DX11UTIL\DX11UTIL\DEBUG\DX11OBJECT.OBJ
C:\USERS\AZARASHIN\DOCUMENTS\VISUAL STUDIO 2010\PROJECTS\DX11UTIL\DX11UTIL\DEBUG\DX11OBJECTGUI.OBJ
C:\USERS\AZARASHIN\DOCUMENTS\VISUAL STUDIO 2010\PROJECTS\DX11UTIL\DX11UTIL\DEBUG\DX11OBJECTGUICANVAS.OBJ
C:\USERS\AZARASHIN\DOCUMENTS\VISUAL STUDIO 2010\PROJECTS\DX11UTIL\DX11UTIL\DEBUG\DX11OBJECTGUISTANDARD.OBJ
C:\USERS\AZARASHIN\DOCUMENTS\VISUAL STUDIO 2010\PROJECTS\DX11UTIL\DX11UTIL\DEBUG\DX11OBJECTGUITEXT.OBJ
C:\USERS\AZARASHIN\DOCUMENTS\VISUAL STUDIO 2010\PROJECTS\DX11UTIL\DX11UTIL\DEBUG\DX11OBJECTPARTICLE.OBJ
C:\USERS\AZARASHIN\DOCUMENTS\VISUAL STUDIO 2010\PROJECTS\DX11UTIL\DX11UTIL\DEBUG\DX11OBJECTTARGETTEXTURE.OBJ
C:\USERS\AZARASHIN\DOCUMENTS\VISUAL STUDIO 2010\PROJECTS\DX11UTIL\DX11UTIL\DEBUG\DX11SCENE.OBJ
C:\Users\azarashin\Documents\Visual Studio 2010\Projects\DX11Util\DX11Util\Debug\DX11Util.vcxprojResolveAssemblyReference.cache
C:\Users\azarashin\Documents\Visual Studio 2010\Projects\DX11Util\DX11Util\Debug\DX11Util.write.1.tlog
C:\Users\azarashin\Documents\Visual Studio 2010\Projects\DX11Util\DX11Util\Debug\lib.command.1.tlog
C:\Users\azarashin\Documents\Visual Studio 2010\Projects\DX11Util\DX11Util\Debug\Lib-link.read.1.tlog
C:\Users\azarashin\Documents\Visual Studio 2010\Projects\DX11Util\DX11Util\Debug\Lib-link.write.1.tlog
C:\Users\azarashin\Documents\Visual Studio 2010\Projects\DX11Util\DX11Util\Debug\vc100.idb
C:\USERS\AZARASHIN\DOCUMENTS\VISUAL STUDIO 2010\PROJECTS\DX11UTIL\DX11UTIL\DEBUG\VC100.PDB
