2013/08/13 19:06:18 にビルドを開始しました。
     1>ノード 2 上のプロジェクト "D:\MyDevelopment\Dx11Util\DX11Util\DX11Util.vcxproj" (Build ターゲット)。
     1>ClCompile:
         C:\Program Files (x86)\Microsoft Visual Studio 11.0\VC\bin\CL.exe /c /ID:\MyDevelopment\Dx11Util\DX11Util\common /ID:\MyDevelopment\Dx11Util\DX11Util\common\XNAMath /ID:\MyDevelopment\Dx11Util\DX11Util\include /ID:\MyDevelopment\Dx11Util\DX11Util\\ASURA /I"C:\Program Files (x86)\Microsoft DirectX SDK (June 2010)\Include" /ID:\MyDevelopment\Dx11Util\\DX11Util\Package\include /ID:\MyDevelopment\Dx11Util\\DX11Util\Package\include\XNAMath /ZI /nologo /W3 /WX- /MP /Od /Oy- /D WIN32 /D _DEBUG /D _LIB /D _UNICODE /D UNICODE /Gm- /EHsc /RTC1 /MDd /GS /arch:SSE2 /fp:precise /Zc:wchar_t /Zc:forScope /Fo"Debug\\" /Fd"Debug\vc110.pdb" /Gd /TP /analyze- /errorReport:prompt implement\Effect\Dx11EffectGUITrans.cpp implement\Effect\Dx11EffectSideBySide.cpp implement\Effect\Dx11EffectStandard.cpp implement\Effect\Dx11XEffect.cpp
         Dx11EffectGUITrans.cpp
         Dx11EffectSideBySide.cpp
         Dx11EffectStandard.cpp
         Dx11XEffect.cpp
       Lib:
         C:\Program Files (x86)\Microsoft Visual Studio 11.0\VC\bin\Lib.exe /OUT:"D:\MyDevelopment\Dx11Util\Debug\DX11Util.lib" /NOLOGO Debug\asModelImpl.obj
         Debug\asModelLoaderX.obj
         Debug\asTokenizer.obj
         Debug\Dx11Camera.obj
         Debug\Dx11CameraRift.obj
         Debug\Dx11CameraSideBySide.obj
         Debug\Dx11CameraSideBySideStandard.obj
         Debug\Dx11CameraStandard.obj
         Debug\Dx11Context.obj
         Debug\Dx11Scene.obj
         Debug\Dx11Effect.obj
         Debug\Dx11EffectGUI.obj
         Debug\Dx11EffectGUIStandard.obj
         Debug\Dx11EffectGUITrans.obj
         Debug\Dx11EffectSideBySide.obj
         Debug\Dx11EffectStandard.obj
         Debug\Dx11XEffect.obj
         Debug\Dx11Lens.obj
         Debug\Dx11LensRift.obj
         Debug\Dx11LensSideBySide.obj
         Debug\Dx11LensSideBySideStandard.obj
         Debug\Dx11LensStandard.obj
         Debug\Dx11Motion.obj
         Debug\Dx11MotionStandard.obj
         Debug\Dx11XMotion.obj
         Debug\Dx11XMotionManager.obj
         Debug\Dx11Object.obj
         Debug\Dx11ObjectGUI.obj
         Debug\Dx11ObjectGUICanvas.obj
         Debug\Dx11ObjectGUIStandard.obj
         Debug\Dx11ObjectGUIText.obj
         Debug\Dx11ObjectParticle.obj
         Debug\Dx11ObjectTargetTexture.obj
         Debug\Dx11ObjectViewAround.obj
         Debug\Dx11XObject.obj
         Debug\DDSTextureLoader.obj
         Debug\ShaderCompilerWrapper.obj
         Debug\Dx11EffectGUICanvas.obj
         DX11Util.vcxproj -> D:\MyDevelopment\Dx11Util\Debug\DX11Util.lib
       PostBuildEvent:
         if exist "D:\MyDevelopment\Dx11Util\DX11Util\\Package\lib\Debug\DX11Util.lib" (del /S /Q "D:\MyDevelopment\Dx11Util\DX11Util\\Package\lib\Debug\DX11Util.lib")
         if exist "D:\MyDevelopment\Dx11Util\DX11Util\\Package\include\DX11Util\*.h" (del /S /Q "D:\MyDevelopment\Dx11Util\DX11Util\\Package\include\DX11Util\*.h")
         if exist "D:\MyDevelopment\Dx11Util\DX11Util\\common" (xcopy /Y /S "D:\MyDevelopment\Dx11Util\DX11Util\\common\DX11Util\*.h" "D:\MyDevelopment\Dx11Util\DX11Util\\Package\include\DX11Util\")
         copy "D:\MyDevelopment\Dx11Util\Debug\DX11Util.lib" "D:\MyDevelopment\Dx11Util\DX11Util\\Package\lib\Debug\" 
         if "$TargetExt" == ".exe" (if "Debug" == "Release" (copy "D:\MyDevelopment\Dx11Util\Debug\DX11Util.lib" "D:\MyDevelopment\Dx11Util\\working_space"))
         
         :VCEnd
         削除したファイル - D:\MyDevelopment\Dx11Util\DX11Util\Package\lib\Debug\DX11Util.lib
         D:\MyDevelopment\Dx11Util\DX11Util\\common\DX11Util\Camera\Dx11Camera.h
         D:\MyDevelopment\Dx11Util\DX11Util\\common\DX11Util\Camera\Dx11CameraRift.h
         D:\MyDevelopment\Dx11Util\DX11Util\\common\DX11Util\Camera\Dx11CameraSideBySide.h
         D:\MyDevelopment\Dx11Util\DX11Util\\common\DX11Util\Camera\Dx11CameraSideBySideStandard.h
         D:\MyDevelopment\Dx11Util\DX11Util\\common\DX11Util\Camera\Dx11CameraStandard.h
         D:\MyDevelopment\Dx11Util\DX11Util\\common\DX11Util\Core\Dx11Context.h
         D:\MyDevelopment\Dx11Util\DX11Util\\common\DX11Util\Core\Dx11Scene.h
         D:\MyDevelopment\Dx11Util\DX11Util\\common\DX11Util\Effect\Dx11Effect.h
         D:\MyDevelopment\Dx11Util\DX11Util\\common\DX11Util\Effect\Dx11EffectGUI.h
         D:\MyDevelopment\Dx11Util\DX11Util\\common\DX11Util\Effect\Dx11EffectGUICanvas.h
         D:\MyDevelopment\Dx11Util\DX11Util\\common\DX11Util\Effect\Dx11EffectGUIStandard.h
         D:\MyDevelopment\Dx11Util\DX11Util\\common\DX11Util\Effect\Dx11EffectGUITrans.h
         D:\MyDevelopment\Dx11Util\DX11Util\\common\DX11Util\Effect\Dx11EffectSideBySide.h
         D:\MyDevelopment\Dx11Util\DX11Util\\common\DX11Util\Effect\Dx11EffectStandard.h
         D:\MyDevelopment\Dx11Util\DX11Util\\common\DX11Util\Effect\Dx11EffectViewAround.h
         D:\MyDevelopment\Dx11Util\DX11Util\\common\DX11Util\Effect\Dx11XEffect.h
         D:\MyDevelopment\Dx11Util\DX11Util\\common\DX11Util\Lens\Dx11Lens.h
         D:\MyDevelopment\Dx11Util\DX11Util\\common\DX11Util\Lens\Dx11LensRift.h
         D:\MyDevelopment\Dx11Util\DX11Util\\common\DX11Util\Lens\Dx11LensSideBySide.h
         D:\MyDevelopment\Dx11Util\DX11Util\\common\DX11Util\Lens\Dx11LensSideBySideStandard.h
         D:\MyDevelopment\Dx11Util\DX11Util\\common\DX11Util\Lens\Dx11LensStandard.h
         D:\MyDevelopment\Dx11Util\DX11Util\\common\DX11Util\Motion\Dx11Motion.h
         D:\MyDevelopment\Dx11Util\DX11Util\\common\DX11Util\Motion\Dx11MotionStandard.h
         D:\MyDevelopment\Dx11Util\DX11Util\\common\DX11Util\Motion\Dx11XMotion.h
         D:\MyDevelopment\Dx11Util\DX11Util\\common\DX11Util\Motion\Dx11XMotionManager.h
         D:\MyDevelopment\Dx11Util\DX11Util\\common\DX11Util\Object\Dx11Object.h
         D:\MyDevelopment\Dx11Util\DX11Util\\common\DX11Util\Object\Dx11ObjectDae.h
         D:\MyDevelopment\Dx11Util\DX11Util\\common\DX11Util\Object\Dx11ObjectDaeStdModel.h
         D:\MyDevelopment\Dx11Util\DX11Util\\common\DX11Util\Object\Dx11ObjectGUI.h
         D:\MyDevelopment\Dx11Util\DX11Util\\common\DX11Util\Object\Dx11ObjectGUICanvas.h
         D:\MyDevelopment\Dx11Util\DX11Util\\common\DX11Util\Object\Dx11ObjectGUIStandard.h
         D:\MyDevelopment\Dx11Util\DX11Util\\common\DX11Util\Object\Dx11ObjectGUIText.h
         D:\MyDevelopment\Dx11Util\DX11Util\\common\DX11Util\Object\Dx11ObjectParticle.h
         D:\MyDevelopment\Dx11Util\DX11Util\\common\DX11Util\Object\Dx11ObjectTargetTexture.h
         D:\MyDevelopment\Dx11Util\DX11Util\\common\DX11Util\Object\Dx11ObjectViewAround.h
         D:\MyDevelopment\Dx11Util\DX11Util\\common\DX11Util\Object\Dx11ObjectWaveFront.h
         D:\MyDevelopment\Dx11Util\DX11Util\\common\DX11Util\Object\Dx11XObject.h
         D:\MyDevelopment\Dx11Util\DX11Util\\common\DX11Util\__under_construction\Dx11DirectionalLight.h
         D:\MyDevelopment\Dx11Util\DX11Util\\common\DX11Util\__under_construction\Dx11Index.h
         D:\MyDevelopment\Dx11Util\DX11Util\\common\DX11Util\__under_construction\Dx11Vertex.h
         40 個のファイルをコピーしました
                 1 個のファイルをコピーしました。
     1>プロジェクト "D:\MyDevelopment\Dx11Util\DX11Util\DX11Util.vcxproj" (Build ターゲット) のビルドが完了しました。

ビルドに成功しました。

経過時間 00:00:03.28
